<?xml version="1.0" encoding="utf-8"?><testsuites name="pytest tests"><testsuite name="pytest" errors="0" failures="0" skipped="0" tests="15" time="2.890" timestamp="2026-05-11T10:26:01.606435+00:00" hostname="agent-env-3e6e2606-fd71-4f48-9501-ab596cbee2b4"><testcase classname="backend.tests.backend_test" name="test_login_success" time="0.455" /><testcase classname="backend.tests.backend_test" name="test_login_wrong_password" time="0.334" /><testcase classname="backend.tests.backend_test" name="test_me_requires_auth" time="0.110" /><testcase classname="backend.tests.backend_test" name="test_me_with_auth" time="0.511" /><testcase classname="backend.tests.backend_test" name="test_create_complaint" time="0.118" /><testcase classname="backend.tests.backend_test" name="test_get_complaint_persisted" time="0.115" /><testcase classname="backend.tests.backend_test" name="test_list_complaints" time="0.118" /><testcase classname="backend.tests.backend_test" name="test_list_filter_status" time="0.104" /><testcase classname="backend.tests.backend_test" name="test_list_search_q" time="0.131" /><testcase classname="backend.tests.backend_test" name="test_update_status_to_in_progress" time="0.237" /><testcase classname="backend.tests.backend_test" name="test_update_status_unchanged_returns_400" time="0.110" /><testcase classname="backend.tests.backend_test" name="test_public_track_no_auth" time="0.132" /><testcase classname="backend.tests.backend_test" name="test_public_track_not_found" time="0.093" /><testcase classname="backend.tests.backend_test" name="test_stats" time="0.097" /><testcase classname="backend.tests.backend_test" name="test_complaints_requires_auth" time="0.099" /></testsuite></testsuites>